<?xml version="1.0" encoding="UTF-8"?>
<!-- Generated by org.testng.reporters.JUnitXMLReporter -->
<testsuite ignored="0" hostname="hp" failures="0" tests="4" name="Default test" time="10.15" errors="0" timestamp="2025-04-21T09:15:25 IST">
  <testcase classname="instagramlogin.login$Instagramlogin" name="openapp" time="3.185"/>
  <testcase classname="instagramlogin.login$Instagramlogin" name="testlogo" time="3.124"/>
  <testcase classname="instagramlogin.login$Instagramlogin" name="testlogin" time="3.522"/>
  <testcase classname="instagramlogin.login$Instagramlogin" name="close" time="0.228"/>
</testsuite> <!-- Default test -->
