<?xml version="1.0" encoding="UTF-8"?>
<testng-results ignored="0" total="4" passed="4" failed="0" skipped="0">
  <reporter-output>
  </reporter-output>
  <suite started-at="2025-04-21T09:15:15 IST" name="Default suite" finished-at="2025-04-21T09:15:25 IST" duration-ms="10150">
    <groups>
    </groups>
    <test started-at="2025-04-21T09:15:15 IST" name="Default test" finished-at="2025-04-21T09:15:25 IST" duration-ms="10150">
      <class name="instagramlogin.login$Instagramlogin">
        <test-method signature="openapp()[pri:1, instance:instagramlogin.login$Instagramlogin@5f049ea1]" started-at="2025-04-21T09:15:15 IST" name="openapp" finished-at="2025-04-21T09:15:18 IST" duration-ms="3185" status="PASS">
          <reporter-output>
          </reporter-output>
        </test-method> <!-- openapp -->
        <test-method signature="testlogo()[pri:2, instance:instagramlogin.login$Instagramlogin@5f049ea1]" started-at="2025-04-21T09:15:18 IST" name="testlogo" finished-at="2025-04-21T09:15:21 IST" duration-ms="3124" status="PASS">
          <reporter-output>
          </reporter-output>
        </test-method> <!-- testlogo -->
        <test-method signature="testlogin()[pri:3, instance:instagramlogin.login$Instagramlogin@5f049ea1]" started-at="2025-04-21T09:15:21 IST" name="testlogin" finished-at="2025-04-21T09:15:25 IST" duration-ms="3522" status="PASS">
          <reporter-output>
          </reporter-output>
        </test-method> <!-- testlogin -->
        <test-method signature="close()[pri:4, instance:instagramlogin.login$Instagramlogin@5f049ea1]" started-at="2025-04-21T09:15:25 IST" name="close" finished-at="2025-04-21T09:15:25 IST" duration-ms="228" status="PASS">
          <reporter-output>
          </reporter-output>
        </test-method> <!-- close -->
      </class> <!-- instagramlogin.login$Instagramlogin -->
    </test> <!-- Default test -->
  </suite> <!-- Default suite -->
</testng-results>
